        -:    0:Source:/home/mihai/libft/to/ft_atoi_max.c
        -:    0:Graph:/home/mihai/libft/cmake-build-debug-coverage/CMakeFiles/libft.dir/to/ft_atoi_max.c.gcno
        -:    0:Data:/home/mihai/libft/cmake-build-debug-coverage/CMakeFiles/libft.dir/to/ft_atoi_max.c.gcda
        -:    0:Runs:1
        -:    1:/* ************************************************************************** */
        -:    2:/*                                                                            */
        -:    3:/*                                                        :::      ::::::::   */
        -:    4:/*   ft_atoi_max.c                                      :+:      :+:    :+:   */
        -:    5:/*                                                    +:+ +:+         +:+     */
        -:    6:/*   By: mihai <mihai@student.42.fr>                +#+  +:+       +#+        */
        -:    7:/*                                                +#+#+#+#+#+   +#+           */
        -:    8:/*   Created: 2020/11/22 02:05:37 by mihai             #+#    #+#             */
        -:    9:/*   Updated: 2020/11/22 02:07:01 by mihai            ###   ########.fr       */
        -:   10:/*                                                                            */
        -:   11:/* ************************************************************************** */
        -:   12:
        -:   13:#include "../libft.h"
        -:   14:
    #####:   15:intmax_t	ft_atoi_max(const char *str)
        -:   16:{
        -:   17:	int			i;
        -:   18:	intmax_t	min;
        -:   19:	intmax_t	result;
        -:   20:
    #####:   21:	i = 0;
    #####:   22:	min = 1;
    #####:   23:	result = 0;
    #####:   24:	while (str[i] == '\t' || str[i] == '\n' || str[i] == '\r' || str[i] == '\v'
    %%%%%:   24-block  0
    %%%%%:   24-block  1
    %%%%%:   24-block  2
    %%%%%:   24-block  3
    %%%%%:   24-block  4
    #####:   25:			|| str[i] == '\f' || str[i] == ' ')
    %%%%%:   25-block  0
    %%%%%:   25-block  1
    #####:   26:		i++;
    %%%%%:   26-block  0
    #####:   27:	if (str[i] == '-')
    %%%%%:   27-block  0
    #####:   28:		min = -1;
    %%%%%:   28-block  0
    #####:   29:	if (str[i] == '-' || str[i] == '+')
    %%%%%:   29-block  0
    %%%%%:   29-block  1
    #####:   30:		i++;
    %%%%%:   30-block  0
    #####:   31:	while (str[i] >= '0' && str[i] <= '9')
    %%%%%:   31-block  0
    %%%%%:   31-block  1
    %%%%%:   31-block  2
    #####:   32:		result = (result * 10) + (str[i++] - '0');
    %%%%%:   32-block  0
    #####:   33:	return (result *= min);
    %%%%%:   33-block  0
        -:   34:}
