        -:    0:Source:/home/mihai/libft/to/ft_atoi.c
        -:    0:Graph:/home/mihai/libft/cmake-build-debug-coverage/CMakeFiles/libft.dir/to/ft_atoi.c.gcno
        -:    0:Data:/home/mihai/libft/cmake-build-debug-coverage/CMakeFiles/libft.dir/to/ft_atoi.c.gcda
        -:    0:Runs:1
        -:    1:/* ************************************************************************** */
        -:    2:/*                                                                            */
        -:    3:/*                                                        :::      ::::::::   */
        -:    4:/*   ft_atoi.c                                          :+:      :+:    :+:   */
        -:    5:/*                                                    +:+ +:+         +:+     */
        -:    6:/*   By: mihai <mihai@student.42.fr>                +#+  +:+       +#+        */
        -:    7:/*                                                +#+#+#+#+#+   +#+           */
        -:    8:/*   Created: 2020/11/22 01:34:03 by mihai             #+#    #+#             */
        -:    9:/*   Updated: 2020/11/22 02:04:15 by mihai            ###   ########.fr       */
        -:   10:/*                                                                            */
        -:   11:/* ************************************************************************** */
        -:   12:
        -:   13:#include "../libft.h"
        -:   14:
    #####:   15:int     ft_atoi(char *s)
        -:   16:{
        -:   17:    int min;
        -:   18:    int result;
        -:   19:    int i;
        -:   20:
    #####:   21:    min = 1;
    #####:   22:    result = 0;
    #####:   23:    i = 0;
    #####:   24:    while (ft_isspace(s[i]))
    %%%%%:   24-block  0
    %%%%%:   24-block  1
    #####:   25:        i++;
    %%%%%:   25-block  0
    #####:   26:    if(s[i] == '-')
    %%%%%:   26-block  0
    #####:   27:        min = -1;
    %%%%%:   27-block  0
    #####:   28:    if (s[i] == '-' || s[i] == '+')
    %%%%%:   28-block  0
    %%%%%:   28-block  1
    #####:   29:		i++;
    %%%%%:   29-block  0
    #####:   30:    while (ft_isdigit(s[i]))
    %%%%%:   30-block  0
    %%%%%:   30-block  1
    #####:   31:        result = result * 10 + (s[i++] - '0');
    %%%%%:   31-block  0
    #####:   32:    return (result * min);
    %%%%%:   32-block  0
        -:   33:}
