        -:    0:Source:/home/mihai/libft/mem/ft_bzero.c
        -:    0:Graph:/home/mihai/libft/cmake-build-debug-coverage/CMakeFiles/libft.dir/mem/ft_bzero.c.gcno
        -:    0:Data:/home/mihai/libft/cmake-build-debug-coverage/CMakeFiles/libft.dir/mem/ft_bzero.c.gcda
        -:    0:Runs:1
        -:    1:/* ************************************************************************** */
        -:    2:/*                                                                            */
        -:    3:/*                                                        :::      ::::::::   */
        -:    4:/*   bzero.c                                            :+:      :+:    :+:   */
        -:    5:/*                                                    +:+ +:+         +:+     */
        -:    6:/*   By: mihai <mihai@student.42.fr>                +#+  +:+       +#+        */
        -:    7:/*                                                +#+#+#+#+#+   +#+           */
        -:    8:/*   Created: 2020/11/03 23:58:51 by mihai             #+#    #+#             */
        -:    9:/*   Updated: 2020/11/04 00:09:58 by mihai            ###   ########.fr       */
        -:   10:/*                                                                            */
        -:   11:/* ************************************************************************** */
        -:   12:
        -:   13:#include "../libft.h"
        -:   14:
        1:   15:void    ft_bzero(void *s, size_t n)
        -:   16:{
        1:   17:		ft_memset(s, 0, n);
        1:   17-block  0
        1:   18:}
