        -:    0:Source:/home/mihai/libft/mem/ft_calloc.c
        -:    0:Graph:/home/mihai/libft/cmake-build-debug-coverage/CMakeFiles/libft.dir/mem/ft_calloc.c.gcno
        -:    0:Data:/home/mihai/libft/cmake-build-debug-coverage/CMakeFiles/libft.dir/mem/ft_calloc.c.gcda
        -:    0:Runs:1
        -:    1:/* ************************************************************************** */
        -:    2:/*                                                                            */
        -:    3:/*                                                        :::      ::::::::   */
        -:    4:/*   ft_calloc.c                                        :+:      :+:    :+:   */
        -:    5:/*                                                    +:+ +:+         +:+     */
        -:    6:/*   By: mihai <mihai@student.42.fr>                +#+  +:+       +#+        */
        -:    7:/*                                                +#+#+#+#+#+   +#+           */
        -:    8:/*   Created: 2020/11/21 23:02:34 by mihai             #+#    #+#             */
        -:    9:/*   Updated: 2020/11/21 23:08:42 by mihai            ###   ########.fr       */
        -:   10:/*                                                                            */
        -:   11:/* ************************************************************************** */
        -:   12:
        -:   13:#include "../libft.h"
        -:   14:
    #####:   15:void*   ft_calloc(size_t count, size_t size)
        -:   16:{
    #####:   17:    void *p = malloc(count * size);
    #####:   18:    if(!p)
    %%%%%:   18-block  0
    #####:   19:        return (NULL);
    %%%%%:   19-block  0
    #####:   20:    bzero(p,size);
    #####:   21:    return (p);
    %%%%%:   21-block  0
        -:   22:}
