        -:    0:Source:/home/mihai/libft/is/ft_isspace.c
        -:    0:Graph:/home/mihai/libft/cmake-build-debug-coverage/CMakeFiles/libft.dir/is/ft_isspace.c.gcno
        -:    0:Data:/home/mihai/libft/cmake-build-debug-coverage/CMakeFiles/libft.dir/is/ft_isspace.c.gcda
        -:    0:Runs:1
        -:    1:/* ************************************************************************** */
        -:    2:/*                                                                            */
        -:    3:/*                                                        :::      ::::::::   */
        -:    4:/*   ft_isspace.c                                       :+:      :+:    :+:   */
        -:    5:/*                                                    +:+ +:+         +:+     */
        -:    6:/*   By: mihai <mihai@student.42.fr>                +#+  +:+       +#+        */
        -:    7:/*                                                +#+#+#+#+#+   +#+           */
        -:    8:/*   Created: 2020/11/22 01:03:38 by mihai             #+#    #+#             */
        -:    9:/*   Updated: 2020/11/22 01:14:40 by mihai            ###   ########.fr       */
        -:   10:/*                                                                            */
        -:   11:/* ************************************************************************** */
        -:   12:
       23:   13:int    ft_isspace(int c)
        -:   14:{
       23:   15:    return (c == '\t' || c == '\n' ||
       23:   15-block  0
       23:   15-block  1
       23:   16:	    c == '\v' || c == '\f' || 
       23:   16-block  0
       23:   16-block  1
       46:   17:        c == '\r' || c == ' ');
       23:   17-block  0
       23:   17-block  1
       20:   17-block  2
        3:   17-block  3
       23:   17-block  4
        -:   18:}
