        -:    0:Source:/home/mihai/libft/mem/ft_memchr.c
        -:    0:Graph:/home/mihai/libft/cmake-build-debug-coverage/CMakeFiles/libft.dir/mem/ft_memchr.c.gcno
        -:    0:Data:/home/mihai/libft/cmake-build-debug-coverage/CMakeFiles/libft.dir/mem/ft_memchr.c.gcda
        -:    0:Runs:1
        -:    1:/* ************************************************************************** */
        -:    2:/*                                                                            */
        -:    3:/*                                                        :::      ::::::::   */
        -:    4:/*   ft_memchr.c                                        :+:      :+:    :+:   */
        -:    5:/*                                                    +:+ +:+         +:+     */
        -:    6:/*   By: mihai <mihai@student.42.fr>                +#+  +:+       +#+        */
        -:    7:/*                                                +#+#+#+#+#+   +#+           */
        -:    8:/*   Created: 2020/11/05 15:10:15 by mihai             #+#    #+#             */
        -:    9:/*   Updated: 2020/11/05 15:26:04 by mihai            ###   ########.fr       */
        -:   10:/*                                                                            */
        -:   11:/* ************************************************************************** */
        -:   12:
        -:   13:#include "../libft.h"
        -:   14:
    #####:   15:void			*ft_memchr(const void *s, int c, size_t n)
        -:   16:{
        -:   17:	unsigned char	*a;
        -:   18:	unsigned char	b;
        -:   19:
    #####:   20:	a = (unsigned char *)s;
    #####:   21:	b = (unsigned char)c;
    #####:   22:	while (n--)
    %%%%%:   22-block  0
    %%%%%:   22-block  1
        -:   23:	{
    #####:   24:		if (*a == b)
    %%%%%:   24-block  0
    #####:   25:			return (a);
    %%%%%:   25-block  0
    #####:   26:		a++;
    %%%%%:   26-block  0
        -:   27:	}
    #####:   28:	return (NULL);
    %%%%%:   28-block  0
        -:   29:}
