        -:    0:Source:/home/mihai/libft/mem/ft_memcmp.c
        -:    0:Graph:/home/mihai/libft/cmake-build-debug-coverage/CMakeFiles/libft.dir/mem/ft_memcmp.c.gcno
        -:    0:Data:/home/mihai/libft/cmake-build-debug-coverage/CMakeFiles/libft.dir/mem/ft_memcmp.c.gcda
        -:    0:Runs:1
        -:    1:/* ************************************************************************** */
        -:    2:/*                                                                            */
        -:    3:/*                                                        :::      ::::::::   */
        -:    4:/*   ft_memcmp.c                                        :+:      :+:    :+:   */
        -:    5:/*                                                    +:+ +:+         +:+     */
        -:    6:/*   By: mihai <mihai@student.42.fr>                +#+  +:+       +#+        */
        -:    7:/*                                                +#+#+#+#+#+   +#+           */
        -:    8:/*   Created: 2020/11/05 15:10:15 by mihai             #+#    #+#             */
        -:    9:/*   Updated: 2020/11/05 16:39:05 by mihai            ###   ########.fr       */
        -:   10:/*                                                                            */
        -:   11:/* ************************************************************************** */
        -:   12:
        -:   13:#include "../libft.h"
        -:   14:
    #####:   15:int					ft_memcmp(const void *s1, const void *s2, size_t n)
        -:   16:{
        -:   17:	unsigned char	*a;
        -:   18:	unsigned char	*b;
        -:   19:
    #####:   20:	a = (unsigned char *)s1;
    #####:   21:	b = (unsigned char *)s2;
    #####:   22:	while (n--)
    %%%%%:   22-block  0
    %%%%%:   22-block  1
        -:   23:	{
    #####:   24:		if (*a != *b)
    %%%%%:   24-block  0
        -:   25:		{
    #####:   26:			return (*a - *b);
    %%%%%:   26-block  0
        -:   27:		}
    #####:   28:		a++;
    #####:   29:		b++;
    %%%%%:   29-block  0
        -:   30:	}
    #####:   31:	return (0);
    %%%%%:   31-block  0
        -:   32:}
