        -:    0:Source:/home/mihai/libft/mem/ft_memdel.c
        -:    0:Graph:/home/mihai/libft/cmake-build-debug-coverage/CMakeFiles/libft.dir/mem/ft_memdel.c.gcno
        -:    0:Data:/home/mihai/libft/cmake-build-debug-coverage/CMakeFiles/libft.dir/mem/ft_memdel.c.gcda
        -:    0:Runs:1
        -:    1:/* ************************************************************************** */
        -:    2:/*                                                                            */
        -:    3:/*                                                        :::      ::::::::   */
        -:    4:/*   ft_memdel.c                                        :+:      :+:    :+:   */
        -:    5:/*                                                    +:+ +:+         +:+     */
        -:    6:/*   By: mihai <mihai@student.42.fr>                +#+  +:+       +#+        */
        -:    7:/*                                                +#+#+#+#+#+   +#+           */
        -:    8:/*   Created: 2020/11/05 19:40:05 by mihai             #+#    #+#             */
        -:    9:/*   Updated: 2020/11/22 02:49:50 by mihai            ###   ########.fr       */
        -:   10:/*                                                                            */
        -:   11:/* ************************************************************************** */
        -:   12:
        -:   13:#include "../libft.h"
        -:   14:
    #####:   15:void	ft_memdel(void **ap)
        -:   16:{
    #####:   17:	if (ap && *ap)
    %%%%%:   17-block  0
    %%%%%:   17-block  1
        -:   18:	{
    #####:   19:		free(*ap);
    #####:   20:		*ap = NULL;
    %%%%%:   20-block  0
        -:   21:	}
    #####:   22:}
