        -:    0:Source:/home/mihai/libft/mem/ft_memset.c
        -:    0:Graph:/home/mihai/libft/cmake-build-debug-coverage/CMakeFiles/libft.dir/mem/ft_memset.c.gcno
        -:    0:Data:/home/mihai/libft/cmake-build-debug-coverage/CMakeFiles/libft.dir/mem/ft_memset.c.gcda
        -:    0:Runs:1
        -:    1:/* ************************************************************************** */
        -:    2:/*                                                                            */
        -:    3:/*                                                        :::      ::::::::   */
        -:    4:/*   ft_memset.c                                        :+:      :+:    :+:   */
        -:    5:/*                                                    +:+ +:+         +:+     */
        -:    6:/*   By: mihai <mihai@student.42.fr>                +#+  +:+       +#+        */
        -:    7:/*                                                +#+#+#+#+#+   +#+           */
        -:    8:/*   Created: 2020/11/03 23:37:25 by mihai             #+#    #+#             */
        -:    9:/*   Updated: 2020/11/04 21:47:14 by mihai            ###   ########.fr       */
        -:   10:/*                                                                            */
        -:   11:/* ************************************************************************** */
        -:   12:
        -:   13:#include "../libft.h"
        -:   14:
        1:   15:void				*ft_memset(void *s, int c, size_t n)
        -:   16:{
        -:   17:	unsigned char	*src;
        -:   18:	size_t			i;
        -:   19:
        1:   20:	i = 0;
        1:   21:	if (!s)
        1:   21-block  0
    #####:   22:		return (NULL);
    %%%%%:   22-block  0
        1:   23:	if (n == 0)
        1:   23-block  0
    #####:   24:		return (s);
    %%%%%:   24-block  0
        1:   25:	src = (unsigned char *)s;
       12:   26:	while (i < n)
        1:   26-block  0
       12:   26-block  1
        -:   27:	{
       11:   28:		src[i] = c;
       11:   29:		i++;
       11:   29-block  0
        -:   30:	}
        1:   31:	return (src);
        1:   31-block  0
        -:   32:}
