        -:    0:Source:/home/mihai/libft/put/ft_putstr.c
        -:    0:Graph:/home/mihai/libft/cmake-build-debug-coverage/CMakeFiles/libft.dir/put/ft_putstr.c.gcno
        -:    0:Data:/home/mihai/libft/cmake-build-debug-coverage/CMakeFiles/libft.dir/put/ft_putstr.c.gcda
        -:    0:Runs:1
        -:    1:/* ************************************************************************** */
        -:    2:/*                                                                            */
        -:    3:/*                                                        :::      ::::::::   */
        -:    4:/*   ft_putstr.c                                        :+:      :+:    :+:   */
        -:    5:/*                                                    +:+ +:+         +:+     */
        -:    6:/*   By: mihai <mihai@student.42.fr>                +#+  +:+       +#+        */
        -:    7:/*                                                +#+#+#+#+#+   +#+           */
        -:    8:/*   Created: 2020/11/23 11:50:04 by mihai             #+#    #+#             */
        -:    9:/*   Updated: 2020/11/23 12:05:47 by mihai            ###   ########.fr       */
        -:   10:/*                                                                            */
        -:   11:/* ************************************************************************** */
        -:   12:
        -:   13:#include "../libft.h"
        -:   14:
    #####:   15:void ft_putstr(const char *s)
        -:   16:{
    #####:   17:    while (*s)
    %%%%%:   17-block  0
    %%%%%:   17-block  1
    #####:   18:        ft_putchar(*s++);
    %%%%%:   18-block  0
    #####:   19:}
