        -:    0:Source:/home/mihai/libft/str/ft_strnew.c
        -:    0:Graph:/home/mihai/libft/cmake-build-debug-coverage/CMakeFiles/libft.dir/str/ft_strnew.c.gcno
        -:    0:Data:/home/mihai/libft/cmake-build-debug-coverage/CMakeFiles/libft.dir/str/ft_strnew.c.gcda
        -:    0:Runs:1
        -:    1:/* ************************************************************************** */
        -:    2:/*                                                                            */
        -:    3:/*                                                        :::      ::::::::   */
        -:    4:/*   ft_strnew.c                                        :+:      :+:    :+:   */
        -:    5:/*                                                    +:+ +:+         +:+     */
        -:    6:/*   By: mihai <mihai@student.42.fr>                +#+  +:+       +#+        */
        -:    7:/*                                                +#+#+#+#+#+   +#+           */
        -:    8:/*   Created: 2020/11/05 19:12:29 by mihai             #+#    #+#             */
        -:    9:/*   Updated: 2020/11/05 20:12:01 by mihai            ###   ########.fr       */
        -:   10:/*                                                                            */
        -:   11:/* ************************************************************************** */
        -:   12:
        -:   13:#include "../libft.h"
        -:   14:
        1:   15:char		*ft_strnew(size_t size)
        -:   16:{
        -:   17:	char	*str;
        -:   18:	
        1:   19:	if (!(str = (char *)malloc(sizeof(*str) * (size + 1))))
        1:   19-block  0
    #####:   20:		return (NULL);
    %%%%%:   20-block  0
        1:   21:	ft_bzero(str, size);
        1:   21-block  0
        1:   22:	return (str);
        -:   23:}
