        -:    0:Source:/home/mihai/libft/str/ft_strdup.c
        -:    0:Graph:/home/mihai/libft/cmake-build-debug-coverage/CMakeFiles/libft.dir/str/ft_strdup.c.gcno
        -:    0:Data:/home/mihai/libft/cmake-build-debug-coverage/CMakeFiles/libft.dir/str/ft_strdup.c.gcda
        -:    0:Runs:1
        -:    1:/* ************************************************************************** */
        -:    2:/*                                                                            */
        -:    3:/*                                                        :::      ::::::::   */
        -:    4:/*   ft_strdup.c                                        :+:      :+:    :+:   */
        -:    5:/*                                                    +:+ +:+         +:+     */
        -:    6:/*   By: mihai <mihai@student.42.fr>                +#+  +:+       +#+        */
        -:    7:/*                                                +#+#+#+#+#+   +#+           */
        -:    8:/*   Created: 2020/11/05 16:52:09 by mihai             #+#    #+#             */
        -:    9:/*   Updated: 2020/11/05 20:13:03 by mihai            ###   ########.fr       */
        -:   10:/*                                                                            */
        -:   11:/* ************************************************************************** */
        -:   12:
        -:   13:#include    "../libft.h"
        -:   14:
    #####:   15:char	*ft_strdup(const char *s)
        -:   16:{
        -:   17:    char	*new;
        -:   18:    
    #####:   19:    if(!(new = ft_strnew(ft_strlen(s))))
    %%%%%:   19-block  0
    #####:   20:        return (NULL);
    %%%%%:   20-block  0
    #####:   21:    ft_strcpy(new,s);
    %%%%%:   21-block  0
    #####:   22:    return (new);
        -:   23:}
