        -:    0:Source:/home/mihai/libft/str/ft_strtriml.c
        -:    0:Graph:/home/mihai/libft/cmake-build-debug-coverage/CMakeFiles/libft.dir/str/ft_strtriml.c.gcno
        -:    0:Data:/home/mihai/libft/cmake-build-debug-coverage/CMakeFiles/libft.dir/str/ft_strtriml.c.gcda
        -:    0:Runs:1
        -:    1:/* ************************************************************************** */
        -:    2:/*                                                                            */
        -:    3:/*                                                        :::      ::::::::   */
        -:    4:/*   ft_strtrml.c                                       :+:      :+:    :+:   */
        -:    5:/*                                                    +:+ +:+         +:+     */
        -:    6:/*   By: mihai <mihai@student.42.fr>                +#+  +:+       +#+        */
        -:    7:/*                                                +#+#+#+#+#+   +#+           */
        -:    8:/*   Created: 2020/11/23 14:45:06 by mihai             #+#    #+#             */
        -:    9:/*   Updated: 2020/11/23 15:02:10 by mihai            ###   ########.fr       */
        -:   10:/*                                                                            */
        -:   11:/* ************************************************************************** */
        -:   12:
        -:   13:#include <z3.h>
        -:   14:#include "../libft.h"
        -:   15:
        1:   16:char*  ft_strtriml(char *s)
        -:   17:{
        -:   18:    int     len;
        -:   19:
        1:   20:    s = ft_strrev(s);
        1:   20-block  0
        1:   21:    len = ft_strlen(s) -1;
       21:   22:    while (ft_isspace(s[len]))
       21:   22-block  0
        -:   23:    {
       20:   24:        s[len] = '\0';
       20:   25:        len--;
       20:   25-block  0
        -:   26:    }
        1:   27:    return (s);
        1:   27-block  0
        -:   28:}
