        -:    0:Source:/home/mihai/libft/str/ft_strrchr.c
        -:    0:Graph:/home/mihai/libft/cmake-build-debug-coverage/CMakeFiles/libft.dir/str/ft_strrchr.c.gcno
        -:    0:Data:/home/mihai/libft/cmake-build-debug-coverage/CMakeFiles/libft.dir/str/ft_strrchr.c.gcda
        -:    0:Runs:1
        -:    1:/* ************************************************************************** */
        -:    2:/*                                                                            */
        -:    3:/*                                                        :::      ::::::::   */
        -:    4:/*   ft_strrchr.c                                       :+:      :+:    :+:   */
        -:    5:/*                                                    +:+ +:+         +:+     */
        -:    6:/*   By: mihai <mihai@student.42.fr>                +#+  +:+       +#+        */
        -:    7:/*                                                +#+#+#+#+#+   +#+           */
        -:    8:/*   Created: 2020/11/21 19:36:39 by mihai             #+#    #+#             */
        -:    9:/*   Updated: 2020/11/21 19:46:24 by mihai            ###   ########.fr       */
        -:   10:/*                                                                            */
        -:   11:/* ************************************************************************** */
        -:   12:
        -:   13:#include "../libft.h"
        -:   14:
    #####:   15:char    *ft_strrchr(const char *s, int c)
        -:   16:{
        -:   17:    int i;
        -:   18:
    #####:   19:    i = ft_strlen(s);
    %%%%%:   19-block  0
    #####:   20:    while(*s)
    %%%%%:   20-block  0
    #####:   21:        s++;
    %%%%%:   21-block  0
        -:   22:
    #####:   23:    while(i > -1)
    %%%%%:   23-block  0
    %%%%%:   23-block  1
        -:   24:    {
    #####:   25:        if(*s == c)
    %%%%%:   25-block  0
    #####:   26:            return ((char *)s);
    %%%%%:   26-block  0
    #####:   27:        s--;
    #####:   28:        i--;
    %%%%%:   28-block  0
        -:   29:    }
    #####:   30:    return (NULL);
    %%%%%:   30-block  0
        -:   31:}
