        -:    0:Source:/home/mihai/libft/striter/ft_strmapi.c
        -:    0:Graph:/home/mihai/libft/cmake-build-debug-coverage/CMakeFiles/libft.dir/striter/ft_strmapi.c.gcno
        -:    0:Data:/home/mihai/libft/cmake-build-debug-coverage/CMakeFiles/libft.dir/striter/ft_strmapi.c.gcda
        -:    0:Runs:1
        -:    1:/* ************************************************************************** */
        -:    2:/*                                                                            */
        -:    3:/*                                                        :::      ::::::::   */
        -:    4:/*   ft_strmapi.c                                       :+:      :+:    :+:   */
        -:    5:/*                                                    +:+ +:+         +:+     */
        -:    6:/*   By: mihai <mihai@student.42.fr>                +#+  +:+       +#+        */
        -:    7:/*                                                +#+#+#+#+#+   +#+           */
        -:    8:/*   Created: 2020/11/22 22:56:03 by mihai             #+#    #+#             */
        -:    9:/*   Updated: 2020/11/22 23:00:48 by mihai            ###   ########.fr       */
        -:   10:/*                                                                            */
        -:   11:/* ************************************************************************** */
        -:   12:
        -:   13:#include "../libft.h"
        -:   14:
    #####:   15:char*       ft_strmapi(char *s, char (*f)(unsigned int,char))
        -:   16:{   
        -:   17:    int     len;
        -:   18:    int     i;
        -:   19:    char*   temp;
        -:   20:
    #####:   21:    i = 0;
    #####:   22:    len = ft_strlen(s);
    %%%%%:   22-block  0
    #####:   23:    if(!len)
    #####:   24:        return (NULL);
    %%%%%:   24-block  0
    #####:   25:    temp = ft_strnew(len);
    %%%%%:   25-block  0
    #####:   26:    while (s[i] != '\0')
    %%%%%:   26-block  0
        -:   27:    {
    #####:   28:        temp[i] = f(i,s[i]);
    %%%%%:   28-block  0
    #####:   29:        i++;
        -:   30:    }
    #####:   31:    return (temp);
    %%%%%:   31-block  0
        -:   32:}
