        -:    0:Source:/home/mihai/libft/strsub/ft_substr.c
        -:    0:Graph:/home/mihai/libft/cmake-build-debug-coverage/CMakeFiles/libft.dir/strsub/ft_substr.c.gcno
        -:    0:Data:/home/mihai/libft/cmake-build-debug-coverage/CMakeFiles/libft.dir/strsub/ft_substr.c.gcda
        -:    0:Runs:1
        -:    1:/* ************************************************************************** */
        -:    2:/*                                                                            */
        -:    3:/*                                                        :::      ::::::::   */
        -:    4:/*   ft_substr.c                                        :+:      :+:    :+:   */
        -:    5:/*                                                    +:+ +:+         +:+     */
        -:    6:/*   By: mihai <mihai@student.42.fr>                +#+  +:+       +#+        */
        -:    7:/*                                                +#+#+#+#+#+   +#+           */
        -:    8:/*   Created: 2020/11/22 23:44:20 by mihai             #+#    #+#             */
        -:    9:/*   Updated: 2020/11/23 01:30:38 by mihai            ###   ########.fr       */
        -:   10:/*                                                                            */
        -:   11:/* ************************************************************************** */
        -:   12:
        -:   13:#include "../libft.h"
        -:   14:
    #####:   15:char* ft_substr(char const *s, unsigned int start, size_t len)
        -:   16:{
        -:   17:    char    *sub;
        -:   18:    size_t  i;
        -:   19:
    #####:   20:    sub = ft_strnew(len);
    %%%%%:   20-block  0
    #####:   21:    if (!sub)
        -:   22:    {
    #####:   23:      free(sub);
    #####:   24:		  return (NULL);
    %%%%%:   24-block  0
        -:   25:    }
        -:   26:
    #####:   27:    while (i < len)
    %%%%%:   27-block  0
    %%%%%:   27-block  1
        -:   28:	  {
    #####:   29:		  sub[i] = s[i + start];
    #####:   30:		  i++;
    %%%%%:   30-block  0
        -:   31:	  }
    #####:   32:    return (sub);
    %%%%%:   32-block  0
        -:   33:}
