        -:    0:Source:/home/mihai/libft/str/ft_strncmp.c
        -:    0:Graph:/home/mihai/libft/cmake-build-debug-coverage/CMakeFiles/libft.dir/str/ft_strncmp.c.gcno
        -:    0:Data:/home/mihai/libft/cmake-build-debug-coverage/CMakeFiles/libft.dir/str/ft_strncmp.c.gcda
        -:    0:Runs:1
        -:    1:/* ************************************************************************** */
        -:    2:/*                                                                            */
        -:    3:/*                                                        :::      ::::::::   */
        -:    4:/*   ft_strncmp.c                                       :+:      :+:    :+:   */
        -:    5:/*                                                    +:+ +:+         +:+     */
        -:    6:/*   By: mihai <mihai@student.42.fr>                +#+  +:+       +#+        */
        -:    7:/*                                                +#+#+#+#+#+   +#+           */
        -:    8:/*   Created: 2020/11/21 21:38:54 by mihai             #+#    #+#             */
        -:    9:/*   Updated: 2020/11/21 22:43:33 by mihai            ###   ########.fr       */
        -:   10:/*                                                                            */
        -:   11:/* ************************************************************************** */
        -:   12:
        -:   13:#include "../libft.h"
        -:   14:
    #####:   15:int		ft_strncmp(const char *s1, const char *s2, size_t n)
        -:   16:{
    #####:   17:	if (!(n))
    %%%%%:   17-block  0
    #####:   18:		return (0);
    %%%%%:   18-block  0
    #####:   19:	n--;
    #####:   20:	while (n && *s1 && *s1 == *s2 )
    %%%%%:   20-block  0
    %%%%%:   20-block  1
    %%%%%:   20-block  2
    %%%%%:   20-block  3
        -:   21:    {
    #####:   22:        n--;
    #####:   23:        s1++;
    #####:   24:        s2++;
    %%%%%:   24-block  0
        -:   25:    }
    #####:   26:	return ((unsigned char)*s1) - ((unsigned char)*s2);
    %%%%%:   26-block  0
        -:   27:}
