        -:    0:Source:/home/mihai/libft/str/ft_strtrimr.c
        -:    0:Graph:/home/mihai/libft/cmake-build-debug-coverage/CMakeFiles/libft.dir/str/ft_strtrimr.c.gcno
        -:    0:Data:/home/mihai/libft/cmake-build-debug-coverage/CMakeFiles/libft.dir/str/ft_strtrimr.c.gcda
        -:    0:Runs:1
        -:    1:/* ************************************************************************** */
        -:    2:/*                                                                            */
        -:    3:/*                                                        :::      ::::::::   */
        -:    4:/*   ft_strtrimr.c                                      :+:      :+:    :+:   */
        -:    5:/*                                                    +:+ +:+         +:+     */
        -:    6:/*   By: mihai <mihai@student.42.fr>                +#+  +:+       +#+        */
        -:    7:/*                                                +#+#+#+#+#+   +#+           */
        -:    8:/*   Created: 2020/11/23 14:57:02 by mihai             #+#    #+#             */
        -:    9:/*   Updated: 2020/11/23 14:57:20 by mihai            ###   ########.fr       */
        -:   10:/*                                                                            */
        -:   11:/* ************************************************************************** */
        -:   12:
        -:   13:
        -:   14:#include <z3.h>
        -:   15:#include "../libft.h"
        -:   16:
        2:   17:char*  ft_strtrimr(char *s)
        -:   18:{
        -:   19:    int     len;
        -:   20:
        2:   21:    len = ft_strlen(s) - 1;
        2:   21-block  0
        2:   22:    while (ft_isspace(s[len]))
        2:   22-block  0
        -:   23:    {
    #####:   24:        s[len] = '\0';
    #####:   25:        len--;
    %%%%%:   25-block  0
        -:   26:    }
        2:   27:    return (s);
        2:   27-block  0
        -:   28:}
