        -:    0:Source:/home/mihai/libft/str/ft_strlen.c
        -:    0:Graph:/home/mihai/libft/cmake-build-debug-coverage/CMakeFiles/libft.dir/str/ft_strlen.c.gcno
        -:    0:Data:/home/mihai/libft/cmake-build-debug-coverage/CMakeFiles/libft.dir/str/ft_strlen.c.gcda
        -:    0:Runs:1
        -:    1:/* ************************************************************************** */
        -:    2:/*                                                                            */
        -:    3:/*                                                        :::      ::::::::   */
        -:    4:/*   ft_strlen.c                                        :+:      :+:    :+:   */
        -:    5:/*                                                    +:+ +:+         +:+     */
        -:    6:/*   By: mihai <mihai@student.42.fr>                +#+  +:+       +#+        */
        -:    7:/*                                                +#+#+#+#+#+   +#+           */
        -:    8:/*   Created: 2020/11/05 16:41:41 by mihai             #+#    #+#             */
        -:    9:/*   Updated: 2020/11/05 16:45:47 by mihai            ###   ########.fr       */
        -:   10:/*                                                                            */
        -:   11:/* ************************************************************************** */
        -:   12:
        -:   13:#include    "../libft.h"
        -:   14:
        4:   15:size_t      ft_strlen(const char *s)
        -:   16:{
        -:   17:    size_t  i;
        -:   18:
        4:   19:    i = 0;
      111:   20:    while(*s++)
        4:   20-block  0
      111:   20-block  1
      107:   21:        i++;
      107:   21-block  0
        4:   22:    return (i);
        4:   22-block  0
        -:   23:}
