        -:    0:Source:/home/mihai/libft/str/ft_strnstr.c
        -:    0:Graph:/home/mihai/libft/cmake-build-debug-coverage/CMakeFiles/libft.dir/str/ft_strnstr.c.gcno
        -:    0:Data:/home/mihai/libft/cmake-build-debug-coverage/CMakeFiles/libft.dir/str/ft_strnstr.c.gcda
        -:    0:Runs:1
        -:    1:/* ************************************************************************** */
        -:    2:/*                                                                            */
        -:    3:/*                                                        :::      ::::::::   */
        -:    4:/*   ft_strnstr.c                                       :+:      :+:    :+:   */
        -:    5:/*                                                    +:+ +:+         +:+     */
        -:    6:/*   By: mihai <mihai@student.42.fr>                +#+  +:+       +#+        */
        -:    7:/*                                                +#+#+#+#+#+   +#+           */
        -:    8:/*   Created: 2020/11/21 22:48:56 by mihai             #+#    #+#             */
        -:    9:/*   Updated: 2020/11/21 22:55:42 by mihai            ###   ########.fr       */
        -:   10:/*                                                                            */
        -:   11:/* ************************************************************************** */
        -:   12:
        -:   13:
        -:   14:#include "../libft.h"
        -:   15:
    #####:   16:char	*ft_strnstr(const char *haystack, const char *needle, size_t len)
        -:   17:{
        -:   18:	size_t	needle_len;
        -:   19:
    #####:   20:	if (!*needle)
    %%%%%:   20-block  0
    #####:   21:		return ((char *)haystack);
    %%%%%:   21-block  0
    #####:   22:	needle_len = ft_strlen(needle);
    %%%%%:   22-block  0
    #####:   23:	while (*haystack && len-- >= needle_len)
    %%%%%:   23-block  0
    %%%%%:   23-block  1
        -:   24:	{
    #####:   25:		if (ft_strncmp(haystack, needle, needle_len) == 0)
    %%%%%:   25-block  0
    #####:   26:			return ((char *)haystack);
    %%%%%:   26-block  0
    #####:   27:		haystack++;
    %%%%%:   27-block  0
        -:   28:	}
    #####:   29:	return (0);
    %%%%%:   29-block  0
        -:   30:}
