        -:    0:Source:/home/mihai/libft/strequ/ft_strequ.c
        -:    0:Graph:/home/mihai/libft/cmake-build-debug-coverage/CMakeFiles/libft.dir/strequ/ft_strequ.c.gcno
        -:    0:Data:/home/mihai/libft/cmake-build-debug-coverage/CMakeFiles/libft.dir/strequ/ft_strequ.c.gcda
        -:    0:Runs:1
        -:    1:/* ************************************************************************** */
        -:    2:/*                                                                            */
        -:    3:/*                                                        :::      ::::::::   */
        -:    4:/*   ft_strequ.c                                        :+:      :+:    :+:   */
        -:    5:/*                                                    +:+ +:+         +:+     */
        -:    6:/*   By: mihai <mihai@student.42.fr>                +#+  +:+       +#+        */
        -:    7:/*                                                +#+#+#+#+#+   +#+           */
        -:    8:/*   Created: 2020/11/22 23:34:22 by mihai             #+#    #+#             */
        -:    9:/*   Updated: 2020/11/22 23:37:11 by mihai            ###   ########.fr       */
        -:   10:/*                                                                            */
        -:   11:/* ************************************************************************** */
        -:   12:
        -:   13:#include "../libft.h"
        -:   14:
    #####:   15:int ft_strequ(char const *s1, char const *s2)
        -:   16:{
    #####:   17:    return ((ft_strcmp(s1,s2) ? 0 : 1 ));
    %%%%%:   17-block  0
        -:   18:}
