        -:    0:Source:/home/mihai/libft/striter/ft_striteri.c
        -:    0:Graph:/home/mihai/libft/cmake-build-debug-coverage/CMakeFiles/libft.dir/striter/ft_striteri.c.gcno
        -:    0:Data:/home/mihai/libft/cmake-build-debug-coverage/CMakeFiles/libft.dir/striter/ft_striteri.c.gcda
        -:    0:Runs:1
        -:    1:/* ************************************************************************** */
        -:    2:/*                                                                            */
        -:    3:/*                                                        :::      ::::::::   */
        -:    4:/*   ft_striteri.c                                      :+:      :+:    :+:   */
        -:    5:/*                                                    +:+ +:+         +:+     */
        -:    6:/*   By: mihai <mihai@student.42.fr>                +#+  +:+       +#+        */
        -:    7:/*                                                +#+#+#+#+#+   +#+           */
        -:    8:/*   Created: 2020/11/22 20:56:14 by mihai             #+#    #+#             */
        -:    9:/*   Updated: 2020/11/22 21:22:49 by mihai            ###   ########.fr       */
        -:   10:/*                                                                            */
        -:   11:/* ************************************************************************** */
        -:   12:
        -:   13:#include "../libft.h"
        -:   14:
    #####:   15:void    ft_striteri(char *s, void (*f)(unsigned int,char *))
        -:   16:{   
        -:   17:    unsigned int i; 
        -:   18:
    #####:   19:    i = 0;
    #####:   20:    while (*s)
    %%%%%:   20-block  0
    %%%%%:   20-block  1
    #####:   21:        f(i++,&*s++);
    %%%%%:   21-block  0
    #####:   22:}
