        -:    0:Source:/home/mihai/libft/str/ft_strcat.c
        -:    0:Graph:/home/mihai/libft/cmake-build-debug-coverage/CMakeFiles/libft.dir/str/ft_strcat.c.gcno
        -:    0:Data:/home/mihai/libft/cmake-build-debug-coverage/CMakeFiles/libft.dir/str/ft_strcat.c.gcda
        -:    0:Runs:1
        -:    1:/* ************************************************************************** */
        -:    2:/*                                                                            */
        -:    3:/*                                                        :::      ::::::::   */
        -:    4:/*   ft_strcat.c                                        :+:      :+:    :+:   */
        -:    5:/*                                                    +:+ +:+         +:+     */
        -:    6:/*   By: mihai <mihai@student.42.fr>                +#+  +:+       +#+        */
        -:    7:/*                                                +#+#+#+#+#+   +#+           */
        -:    8:/*   Created: 2020/11/05 20:43:41 by mihai             #+#    #+#             */
        -:    9:/*   Updated: 2020/11/05 20:45:02 by mihai            ###   ########.fr       */
        -:   10:/*                                                                            */
        -:   11:/* ************************************************************************** */
        -:   12:
        -:   13:#include  "../libft.h"
        -:   14:
    #####:   15:char    *ft_strcat(char *dest, const char *src)
        -:   16:{
    #####:   17:  ft_strcpy (dest + ft_strlen(dest), src);
    %%%%%:   17-block  0
    #####:   18:  return dest;
        -:   19:}
