        -:    0:Source:/home/mihai/libft/strsub/ft_strsub.c
        -:    0:Graph:/home/mihai/libft/cmake-build-debug-coverage/CMakeFiles/libft.dir/strsub/ft_strsub.c.gcno
        -:    0:Data:/home/mihai/libft/cmake-build-debug-coverage/CMakeFiles/libft.dir/strsub/ft_strsub.c.gcda
        -:    0:Runs:1
        -:    1:/* ************************************************************************** */
        -:    2:/*                                                                            */
        -:    3:/*                                                        :::      ::::::::   */
        -:    4:/*   ft_strsub.c                                        :+:      :+:    :+:   */
        -:    5:/*                                                    +:+ +:+         +:+     */
        -:    6:/*   By: mihai <mihai@student.42.fr>                +#+  +:+       +#+        */
        -:    7:/*                                                +#+#+#+#+#+   +#+           */
        -:    8:/*   Created: 2020/11/22 23:44:20 by mihai             #+#    #+#             */
        -:    9:/*   Updated: 2020/11/23 01:17:14 by mihai            ###   ########.fr       */
        -:   10:/*                                                                            */
        -:   11:/* ************************************************************************** */
        -:   12:
        -:   13:#include "../libft.h"
        -:   14:
    #####:   15:char * ft_strsub(char const *s, unsigned int start, size_t len)
        -:   16:{
        -:   17:    char    *sub;
        -:   18:
    #####:   19:    sub = ft_strnew(len);
    %%%%%:   19-block  0
    #####:   20:    if (!sub)
    #####:   21:		return (NULL);
    %%%%%:   21-block  0
    #####:   22:    ft_strcpy(sub,(s + start));
    %%%%%:   22-block  0
    #####:   23:    return (sub);
        -:   24:}
