        -:    0:Source:/home/mihai/libft/str/ft_strlcpy.c
        -:    0:Graph:/home/mihai/libft/cmake-build-debug-coverage/CMakeFiles/libft.dir/str/ft_strlcpy.c.gcno
        -:    0:Data:/home/mihai/libft/cmake-build-debug-coverage/CMakeFiles/libft.dir/str/ft_strlcpy.c.gcda
        -:    0:Runs:1
        -:    1:/* ************************************************************************** */
        -:    2:/*                                                                            */
        -:    3:/*                                                        :::      ::::::::   */
        -:    4:/*   ft_strlcpy.c                                       :+:      :+:    :+:   */
        -:    5:/*                                                    +:+ +:+         +:+     */
        -:    6:/*   By: mihai <mihai@student.42.fr>                +#+  +:+       +#+        */
        -:    7:/*                                                +#+#+#+#+#+   +#+           */
        -:    8:/*   Created: 2020/11/22 02:20:10 by mihai             #+#    #+#             */
        -:    9:/*   Updated: 2020/11/22 02:35:08 by mihai            ###   ########.fr       */
        -:   10:/*                                                                            */
        -:   11:/* ************************************************************************** */
        -:   12:
        -:   13:#include "../libft.h"
        -:   14:
    #####:   15:size_t ft_strlcpy(char *dest, const char *src, size_t size)
        -:   16:{
        -:   17:    size_t i;
        -:   18:
    #####:   19:    i = 0;
    #####:   20:    if(size)
    %%%%%:   20-block  0
        -:   21:    {
    #####:   22:        size--;
    #####:   23:		while (src[i] != '\0' && size)
    %%%%%:   23-block  0
    %%%%%:   23-block  1
    %%%%%:   23-block  2
        -:   24:        {
    #####:   25:            dest[i] = src[i];
    #####:   26:            size--;
    #####:   27:            i++;
    %%%%%:   27-block  0
        -:   28:        }
    #####:   29:        dest[i] = '\0';
    %%%%%:   29-block  0
        -:   30:    }
    #####:   31:    return (ft_strlen(src));
    %%%%%:   31-block  0
        -:   32:}
