        -:    0:Source:/home/mihai/libft/striter/ft_striterator.c
        -:    0:Graph:/home/mihai/libft/cmake-build-debug-coverage/CMakeFiles/libft.dir/striter/ft_striterator.c.gcno
        -:    0:Data:/home/mihai/libft/cmake-build-debug-coverage/CMakeFiles/libft.dir/striter/ft_striterator.c.gcda
        -:    0:Runs:1
        -:    1:/* ************************************************************************** */
        -:    2:/*                                                                            */
        -:    3:/*                                                        :::      ::::::::   */
        -:    4:/*   ft_striterator.c                                   :+:      :+:    :+:   */
        -:    5:/*                                                    +:+ +:+         +:+     */
        -:    6:/*   By: mihai <mihai@student.42.fr>                +#+  +:+       +#+        */
        -:    7:/*                                                +#+#+#+#+#+   +#+           */
        -:    8:/*   Created: 2020/11/22 21:27:53 by mihai             #+#    #+#             */
        -:    9:/*   Updated: 2020/11/22 21:35:57 by mihai            ###   ########.fr       */
        -:   10:/*                                                                            */
        -:   11:/* ************************************************************************** */
        -:   12:
    #####:   13:void    ft_striterator(char *s, void (*f)(unsigned int,char))
        -:   14:{   
        -:   15:    unsigned int i; 
        -:   16:
    #####:   17:    i = 0;
    #####:   18:    while (s[i] != '\0')
    %%%%%:   18-block  0
    %%%%%:   18-block  1
        -:   19:    {
    #####:   20:        f(i,s[i]);
    %%%%%:   20-block  0
    #####:   21:        i++;
        -:   22:    }
    #####:   23:}
