        -:    0:Source:/home/mihai/libft/to/ft_toupper.c
        -:    0:Graph:/home/mihai/libft/cmake-build-debug-coverage/CMakeFiles/libft.dir/to/ft_toupper.c.gcno
        -:    0:Data:/home/mihai/libft/cmake-build-debug-coverage/CMakeFiles/libft.dir/to/ft_toupper.c.gcda
        -:    0:Runs:1
        -:    1:/* ************************************************************************** */
        -:    2:/*                                                                            */
        -:    3:/*                                                        :::      ::::::::   */
        -:    4:/*   ft_toupper.c                                       :+:      :+:    :+:   */
        -:    5:/*                                                    +:+ +:+         +:+     */
        -:    6:/*   By: mihai <mihai@student.42.fr>                +#+  +:+       +#+        */
        -:    7:/*                                                +#+#+#+#+#+   +#+           */
        -:    8:/*   Created: 2020/11/22 00:57:03 by mihai             #+#    #+#             */
        -:    9:/*   Updated: 2020/11/22 00:58:13 by mihai            ###   ########.fr       */
        -:   10:/*                                                                            */
        -:   11:/* ************************************************************************** */
        -:   12:
    #####:   13:int ft_toupper(int c)
        -:   14:{
    #####:   15:      return ((c >= 'a' && c <='z')? c - 32 : c);  
    %%%%%:   15-block  0
    %%%%%:   15-block  1
    %%%%%:   15-block  2
    %%%%%:   15-block  3
    %%%%%:   15-block  4
        -:   16:}
